Using pre-set license
Built from '2020.3/release' branch; Version is '2020.3.7f1 (dd97f2c94397) revision 14522354'; Using compiler version '192528614'; Build Type 'Release'
OS: 'Windows 10 Pro; OS build 19043.1165; Version 2009; 64bit' Language: 'en' Physical Memory: 16331 MB
BatchMode: 1, IsHumanControllingUs: 0, StartBugReporterOnCrash: 0, Is64bit: 1, IsPro: 0

 COMMAND LINE ARGUMENTS:
D:\Unity\2020.3.7f1\Editor\Unity.exe
-adb2
-batchMode
-noUpm
-name
AssetImportWorker0
-projectPath
C:/Users/deniz/Downloads/_15a3f9e6467300b7d6a72ff957f09ccd_1-2-3-Unity-Start-Code/Arrays
-logFile
Logs/AssetImportWorker0.log
-srvPort
59124
Successfully changed project path to: C:/Users/deniz/Downloads/_15a3f9e6467300b7d6a72ff957f09ccd_1-2-3-Unity-Start-Code/Arrays
C:/Users/deniz/Downloads/_15a3f9e6467300b7d6a72ff957f09ccd_1-2-3-Unity-Start-Code/Arrays
Using Asset Import Pipeline V2.
Refreshing native plugins compatible for Editor in 18.58 ms, found 0 plugins.
Preloading 0 native plugins for Editor in 0.00 ms.
Initialize engine version: 2020.3.7f1 (dd97f2c94397)
[Subsystems] Discovering subsystems at path D:/Unity/2020.3.7f1/Editor/Data/Resources/UnitySubsystems
[Subsystems] Discovering subsystems at path C:/Users/deniz/Downloads/_15a3f9e6467300b7d6a72ff957f09ccd_1-2-3-Unity-Start-Code/Arrays/Assets
GfxDevice: creating device client; threaded=0
Direct3D:
    Version:  Direct3D 11.0 [level 11.1]
    Renderer: NVIDIA GeForce GTX 1080 (ID=0x1b80)
    Vendor:   
    VRAM:     8079 MB
    Driver:   27.21.14.5671
Initialize mono
Mono path[0] = 'D:/Unity/2020.3.7f1/Editor/Data/Managed'
Mono path[1] = 'D:/Unity/2020.3.7f1/Editor/Data/MonoBleedingEdge/lib/mono/unityjit'
Mono config path = 'D:/Unity/2020.3.7f1/Editor/Data/MonoBleedingEdge/etc'
Using monoOptions --debugger-agent=transport=dt_socket,embedding=1,server=y,suspend=n,address=127.0.0.1:56516
Begin MonoManager ReloadAssembly
Registering precompiled unity dll's ...
Register platform support module: D:/Unity/2020.3.7f1/Editor/Data/PlaybackEngines/WindowsStandaloneSupport/UnityEditor.WindowsStandalone.Extensions.dll
Registered in 0.001289 seconds.
Native extension for WindowsStandalone target not found
Refreshing native plugins compatible for Editor in 28.00 ms, found 0 plugins.
Preloading 0 native plugins for Editor in 0.00 ms.
Mono: successfully reloaded assembly
- Completed reload, in  0.812 seconds
Platform modules already initialized, skipping
Registering precompiled user dll's ...
Registered in 0.000663 seconds.
Begin MonoManager ReloadAssembly
Native extension for WindowsStandalone target not found
Refreshing native plugins compatible for Editor in 2.09 ms, found 0 plugins.
Preloading 0 native plugins for Editor in 0.00 ms.
Mono: successfully reloaded assembly
- Completed reload, in  1.003 seconds
Platform modules already initialized, skipping
========================================================================
Worker process is ready to serve import requests
Launched and connected shader compiler UnityShaderCompiler.exe after 0.05 seconds
Refreshing native plugins compatible for Editor in 0.19 ms, found 0 plugins.
Preloading 0 native plugins for Editor in 0.00 ms.
Unloading 1119 Unused Serialized files (Serialized files now loaded: 0)
System memory in use before: 57.5 MB.
System memory in use after: 57.6 MB.

Unloading 9 unused Assets to reduce memory usage. Loaded Objects now: 1560.
Total: 2.711100 ms (FindLiveObjects: 0.211000 ms CreateObjectMapping: 0.064500 ms MarkObjects: 2.357500 ms  DeleteObjects: 0.076900 ms)

========================================================================
Received Import Request.
  path: Assets/scripts/CharacterChanger.cs
  artifactKey: Guid(a680fa5916dd74f4392b55925a885017) Importer(815301076,1909f56bfc062723c751e8b465ee728b)
Start importing Assets/scripts/CharacterChanger.cs using Guid(a680fa5916dd74f4392b55925a885017) Importer(815301076,1909f56bfc062723c751e8b465ee728b)  -> (artifact id: '13a27e6b486976283fe2f639d5347335') in 0.055895 seconds
  Import took 0.058487 seconds .

========================================================================
Received Prepare
Refreshing native plugins compatible for Editor in 0.63 ms, found 0 plugins.
Preloading 0 native plugins for Editor in 0.00 ms.
Unloading 2 Unused Serialized files (Serialized files now loaded: 0)
System memory in use before: 34.7 MB.
System memory in use after: 34.9 MB.

Unloading 2 unused Assets to reduce memory usage. Loaded Objects now: 1560.
Total: 2.339500 ms (FindLiveObjects: 0.140300 ms CreateObjectMapping: 0.035600 ms MarkObjects: 2.144500 ms  DeleteObjects: 0.016500 ms)

========================================================================
Received Import Request.
  Time since last request: 505.328855 seconds.
  path: Assets/scripts/CharacterChanger.cs
  artifactKey: Guid(a680fa5916dd74f4392b55925a885017) Importer(815301076,1909f56bfc062723c751e8b465ee728b)
Start importing Assets/scripts/CharacterChanger.cs using Guid(a680fa5916dd74f4392b55925a885017) Importer(815301076,1909f56bfc062723c751e8b465ee728b)  -> (artifact id: 'ec17368511987330fd7d8e45dc72cc53') in 0.002508 seconds
  Import took 0.004757 seconds .

========================================================================
Received Import Request.
  Time since last request: 0.003404 seconds.
  path: Assets/scripts/CharacterChanger.cs
  artifactKey: Guid(a680fa5916dd74f4392b55925a885017) Importer(815301076,1909f56bfc062723c751e8b465ee728b)
Start importing Assets/scripts/CharacterChanger.cs using Guid(a680fa5916dd74f4392b55925a885017) Importer(815301076,1909f56bfc062723c751e8b465ee728b)  -> (artifact id: 'ec17368511987330fd7d8e45dc72cc53') in 0.003125 seconds
  Import took 0.005025 seconds .

========================================================================
Received Import Request.
  Time since last request: 457.883999 seconds.
  path: Assets/scripts/CharacterChanger.cs
  artifactKey: Guid(a680fa5916dd74f4392b55925a885017) Importer(815301076,1909f56bfc062723c751e8b465ee728b)
Start importing Assets/scripts/CharacterChanger.cs using Guid(a680fa5916dd74f4392b55925a885017) Importer(815301076,1909f56bfc062723c751e8b465ee728b)  -> (artifact id: '0e8651559d3859c5b2149d8c4c712fc8') in 0.002344 seconds
  Import took 0.004636 seconds .

========================================================================
Received Import Request.
  Time since last request: 0.002297 seconds.
  path: Assets/scripts/CharacterChanger.cs
  artifactKey: Guid(a680fa5916dd74f4392b55925a885017) Importer(815301076,1909f56bfc062723c751e8b465ee728b)
Start importing Assets/scripts/CharacterChanger.cs using Guid(a680fa5916dd74f4392b55925a885017) Importer(815301076,1909f56bfc062723c751e8b465ee728b)  -> (artifact id: '0e8651559d3859c5b2149d8c4c712fc8') in 0.002226 seconds
  Import took 0.003920 seconds .

========================================================================
Received Import Request.
  Time since last request: 41.159780 seconds.
  path: Assets/scripts/CharacterChanger.cs
  artifactKey: Guid(a680fa5916dd74f4392b55925a885017) Importer(815301076,1909f56bfc062723c751e8b465ee728b)
Start importing Assets/scripts/CharacterChanger.cs using Guid(a680fa5916dd74f4392b55925a885017) Importer(815301076,1909f56bfc062723c751e8b465ee728b)  -> (artifact id: 'b8a93ed31dae9c3e3ea68bab2717b543') in 0.003190 seconds
  Import took 0.005360 seconds .

========================================================================
Received Import Request.
  Time since last request: 0.000698 seconds.
  path: Assets/scripts/CharacterChanger.cs
  artifactKey: Guid(a680fa5916dd74f4392b55925a885017) Importer(815301076,1909f56bfc062723c751e8b465ee728b)
Start importing Assets/scripts/CharacterChanger.cs using Guid(a680fa5916dd74f4392b55925a885017) Importer(815301076,1909f56bfc062723c751e8b465ee728b)  -> (artifact id: 'b8a93ed31dae9c3e3ea68bab2717b543') in 0.002833 seconds
  Import took 0.004527 seconds .

========================================================================
Received Import Request.
  Time since last request: 43.679344 seconds.
  path: Assets/scripts/CharacterChanger.cs
  artifactKey: Guid(a680fa5916dd74f4392b55925a885017) Importer(815301076,1909f56bfc062723c751e8b465ee728b)
Start importing Assets/scripts/CharacterChanger.cs using Guid(a680fa5916dd74f4392b55925a885017) Importer(815301076,1909f56bfc062723c751e8b465ee728b)  -> (artifact id: '954b29bb9e6807e4cb8b6d69fedb03a4') in 0.003221 seconds
  Import took 0.005425 seconds .

========================================================================
Received Import Request.
  Time since last request: 0.000678 seconds.
  path: Assets/scripts/CharacterChanger.cs
  artifactKey: Guid(a680fa5916dd74f4392b55925a885017) Importer(815301076,1909f56bfc062723c751e8b465ee728b)
Start importing Assets/scripts/CharacterChanger.cs using Guid(a680fa5916dd74f4392b55925a885017) Importer(815301076,1909f56bfc062723c751e8b465ee728b)  -> (artifact id: '954b29bb9e6807e4cb8b6d69fedb03a4') in 0.003606 seconds
  Import took 0.006066 seconds .

========================================================================
Received Import Request.
  Time since last request: 6.532807 seconds.
  path: Assets/scripts/CharacterChanger.cs
  artifactKey: Guid(a680fa5916dd74f4392b55925a885017) Importer(815301076,1909f56bfc062723c751e8b465ee728b)
Start importing Assets/scripts/CharacterChanger.cs using Guid(a680fa5916dd74f4392b55925a885017) Importer(815301076,1909f56bfc062723c751e8b465ee728b)  -> (artifact id: '77aad6d880bab4ca8219fbbae4bb7b35') in 0.004693 seconds
  Import took 0.006348 seconds .

========================================================================
Received Import Request.
  Time since last request: 0.000728 seconds.
  path: Assets/scripts/CharacterChanger.cs
  artifactKey: Guid(a680fa5916dd74f4392b55925a885017) Importer(815301076,1909f56bfc062723c751e8b465ee728b)
Start importing Assets/scripts/CharacterChanger.cs using Guid(a680fa5916dd74f4392b55925a885017) Importer(815301076,1909f56bfc062723c751e8b465ee728b)  -> (artifact id: '77aad6d880bab4ca8219fbbae4bb7b35') in 0.003165 seconds
  Import took 0.005935 seconds .

========================================================================
Received Prepare
Registering precompiled user dll's ...
Registered in 0.000547 seconds.
Begin MonoManager ReloadAssembly
Native extension for WindowsStandalone target not found
Refreshing native plugins compatible for Editor in 0.18 ms, found 0 plugins.
Preloading 0 native plugins for Editor in 0.00 ms.
Mono: successfully reloaded assembly
- Completed reload, in  0.645 seconds
Platform modules already initialized, skipping
Refreshing native plugins compatible for Editor in 0.17 ms, found 0 plugins.
Preloading 0 native plugins for Editor in 0.00 ms.
Unloading 1113 Unused Serialized files (Serialized files now loaded: 0)
System memory in use before: 57.2 MB.
System memory in use after: 57.3 MB.

Unloading 4 unused Assets to reduce memory usage. Loaded Objects now: 1563.
Total: 2.006000 ms (FindLiveObjects: 0.253800 ms CreateObjectMapping: 0.033800 ms MarkObjects: 1.682400 ms  DeleteObjects: 0.033800 ms)

========================================================================
Received Import Request.
  Time since last request: 144.379394 seconds.
  path: Assets/prefabs
  artifactKey: Guid(fb3715cbb79434a4ab6cb62e1b5dbbb5) Importer(815301076,1909f56bfc062723c751e8b465ee728b)
Start importing Assets/prefabs using Guid(fb3715cbb79434a4ab6cb62e1b5dbbb5) Importer(815301076,1909f56bfc062723c751e8b465ee728b)  -> (artifact id: 'c11aeebbb1302b470135e387a46ddeb7') in 0.008991 seconds
  Import took 0.011096 seconds .

========================================================================
Received Import Request.
  Time since last request: 4.191321 seconds.
  path: Assets
  artifactKey: Guid(00000000000000001000000000000000) Importer(815301076,1909f56bfc062723c751e8b465ee728b)
Start importing Assets using Guid(00000000000000001000000000000000) Importer(815301076,1909f56bfc062723c751e8b465ee728b)  -> (artifact id: '5f6a1853b736837ecfb0820a881449cb') in 0.006996 seconds
  Import took 0.008726 seconds .

========================================================================
Received Import Request.
  Time since last request: 4.586751 seconds.
  path: Assets/prefabs/Character0.prefab
  artifactKey: Guid(bba2b377b7219a843b3f90fa79b9a953) Importer(815301076,1909f56bfc062723c751e8b465ee728b)
Start importing Assets/prefabs/Character0.prefab using Guid(bba2b377b7219a843b3f90fa79b9a953) Importer(815301076,1909f56bfc062723c751e8b465ee728b)  -> (artifact id: '475cfac9795b311dd76962018a9333d3') in 0.109069 seconds
  Import took 0.111335 seconds .

========================================================================
Received Import Request.
  Time since last request: 0.237091 seconds.
  path: Assets/prefabs/Character0.prefab
  artifactKey: Guid(bba2b377b7219a843b3f90fa79b9a953) Importer(815301076,1909f56bfc062723c751e8b465ee728b)
Start importing Assets/prefabs/Character0.prefab using Guid(bba2b377b7219a843b3f90fa79b9a953) Importer(815301076,1909f56bfc062723c751e8b465ee728b)  -> (artifact id: '475cfac9795b311dd76962018a9333d3') in 0.010976 seconds
  Import took 0.013426 seconds .

========================================================================
Received Import Request.
  Time since last request: 37.006023 seconds.
  path: Assets/Resources
  artifactKey: Guid(0f79279cdca43e94baa64555421c51d3) Importer(815301076,1909f56bfc062723c751e8b465ee728b)
Start importing Assets/Resources using Guid(0f79279cdca43e94baa64555421c51d3) Importer(815301076,1909f56bfc062723c751e8b465ee728b)  -> (artifact id: '1900cc263089607fe072501e57fd3beb') in 0.004863 seconds
  Import took 0.006675 seconds .

========================================================================
Received Import Request.
  Time since last request: 0.002295 seconds.
  path: Assets/Resources
  artifactKey: Guid(0f79279cdca43e94baa64555421c51d3) Importer(815301076,1909f56bfc062723c751e8b465ee728b)
Start importing Assets/Resources using Guid(0f79279cdca43e94baa64555421c51d3) Importer(815301076,1909f56bfc062723c751e8b465ee728b)  -> (artifact id: '1900cc263089607fe072501e57fd3beb') in 0.002172 seconds
  Import took 0.004054 seconds .

========================================================================
Received Import Request.
  Time since last request: 10.410295 seconds.
  path: Assets/Resources/Character0.prefab
  artifactKey: Guid(bba2b377b7219a843b3f90fa79b9a953) Importer(815301076,1909f56bfc062723c751e8b465ee728b)
Start importing Assets/Resources/Character0.prefab using Guid(bba2b377b7219a843b3f90fa79b9a953) Importer(815301076,1909f56bfc062723c751e8b465ee728b)  -> (artifact id: '3d80c848197c0cfb0a20527c2814de58') in 0.007647 seconds
  Import took 0.009429 seconds .

========================================================================
Received Import Request.
  Time since last request: 4.112976 seconds.
  path: Assets/Resources/Character1.prefab
  artifactKey: Guid(043587567961527409d1c38935ac5523) Importer(815301076,1909f56bfc062723c751e8b465ee728b)
Start importing Assets/Resources/Character1.prefab using Guid(043587567961527409d1c38935ac5523) Importer(815301076,1909f56bfc062723c751e8b465ee728b)  -> (artifact id: '5d3789931855f2a2326cbf2aff91e9b1') in 0.010625 seconds
  Import took 0.012876 seconds .

========================================================================
Received Prepare
Registering precompiled user dll's ...
Registered in 0.000730 seconds.
Begin MonoManager ReloadAssembly
Native extension for WindowsStandalone target not found
Refreshing native plugins compatible for Editor in 0.21 ms, found 0 plugins.
Preloading 0 native plugins for Editor in 0.00 ms.
Mono: successfully reloaded assembly
- Completed reload, in  0.670 seconds
Platform modules already initialized, skipping
Refreshing native plugins compatible for Editor in 0.19 ms, found 0 plugins.
Preloading 0 native plugins for Editor in 0.00 ms.
Unloading 1113 Unused Serialized files (Serialized files now loaded: 0)
System memory in use before: 60.3 MB.
System memory in use after: 60.4 MB.

Unloading 4 unused Assets to reduce memory usage. Loaded Objects now: 1573.
Total: 1.691900 ms (FindLiveObjects: 0.189400 ms CreateObjectMapping: 0.034600 ms MarkObjects: 1.451500 ms  DeleteObjects: 0.015000 ms)

========================================================================
Received Import Request.
  Time since last request: 384.023720 seconds.
  path: Assets/scenes
  artifactKey: Guid(6865d4d0f208bfb4b993d799d5939a36) Importer(815301076,1909f56bfc062723c751e8b465ee728b)
Start importing Assets/scenes using Guid(6865d4d0f208bfb4b993d799d5939a36) Importer(815301076,1909f56bfc062723c751e8b465ee728b)  -> (artifact id: 'a1e0fac25b83c5ccfdb56345078fac52') in 0.016940 seconds
  Import took 0.019680 seconds .

